[GIN-debug] [WARNING] Creating an Engine instance with the Logger and Recovery middleware already attached.

[GIN-debug] [WARNING] Running in "debug" mode. Switch to "release" mode in production.
 - using env:	export GIN_MODE=release
 - using code:	gin.SetMode(gin.ReleaseMode)

[GIN-debug] GET    /*path                    --> main.main.func1 (3 handlers)
[GIN-debug] POST   /*path                    --> main.main.func1 (3 handlers)
[GIN-debug] PUT    /*path                    --> main.main.func1 (3 handlers)
[GIN-debug] PATCH  /*path                    --> main.main.func1 (3 handlers)
[GIN-debug] HEAD   /*path                    --> main.main.func1 (3 handlers)
[GIN-debug] OPTIONS /*path                    --> main.main.func1 (3 handlers)
[GIN-debug] DELETE /*path                    --> main.main.func1 (3 handlers)
[GIN-debug] CONNECT /*path                    --> main.main.func1 (3 handlers)
[GIN-debug] TRACE  /*path                    --> main.main.func1 (3 handlers)
[GIN-debug] [WARNING] You trusted all proxies, this is NOT safe. We recommend you to set a value.
Please check https://pkg.go.dev/github.com/gin-gonic/gin#readme-don-t-trust-all-proxies for details.
[GIN-debug] Listening and serving HTTP on :8080
[GIN] 2024/09/05 - 16:59:10 | 200 |     360.958µs |             ::1 | POST     "/ping"
[GIN-debug] [WARNING] Creating an Engine instance with the Logger and Recovery middleware already attached.

[GIN-debug] [WARNING] Running in "debug" mode. Switch to "release" mode in production.
 - using env:	export GIN_MODE=release
 - using code:	gin.SetMode(gin.ReleaseMode)

[GIN-debug] GET    /*path                    --> main.main.func1 (3 handlers)
[GIN-debug] POST   /*path                    --> main.main.func1 (3 handlers)
[GIN-debug] PUT    /*path                    --> main.main.func1 (3 handlers)
[GIN-debug] PATCH  /*path                    --> main.main.func1 (3 handlers)
[GIN-debug] HEAD   /*path                    --> main.main.func1 (3 handlers)
[GIN-debug] OPTIONS /*path                    --> main.main.func1 (3 handlers)
[GIN-debug] DELETE /*path                    --> main.main.func1 (3 handlers)
[GIN-debug] CONNECT /*path                    --> main.main.func1 (3 handlers)
[GIN-debug] TRACE  /*path                    --> main.main.func1 (3 handlers)
[GIN-debug] [WARNING] You trusted all proxies, this is NOT safe. We recommend you to set a value.
Please check https://pkg.go.dev/github.com/gin-gonic/gin#readme-don-t-trust-all-proxies for details.
[GIN-debug] Listening and serving HTTP on :8080
[GIN-debug] [WARNING] Creating an Engine instance with the Logger and Recovery middleware already attached.

[GIN-debug] [WARNING] Running in "debug" mode. Switch to "release" mode in production.
 - using env:	export GIN_MODE=release
 - using code:	gin.SetMode(gin.ReleaseMode)

[GIN-debug] GET    /*path                    --> main.main.func1 (3 handlers)
[GIN-debug] POST   /*path                    --> main.main.func1 (3 handlers)
[GIN-debug] PUT    /*path                    --> main.main.func1 (3 handlers)
[GIN-debug] PATCH  /*path                    --> main.main.func1 (3 handlers)
[GIN-debug] HEAD   /*path                    --> main.main.func1 (3 handlers)
[GIN-debug] OPTIONS /*path                    --> main.main.func1 (3 handlers)
[GIN-debug] DELETE /*path                    --> main.main.func1 (3 handlers)
[GIN-debug] CONNECT /*path                    --> main.main.func1 (3 handlers)
[GIN-debug] TRACE  /*path                    --> main.main.func1 (3 handlers)
[GIN-debug] [WARNING] You trusted all proxies, this is NOT safe. We recommend you to set a value.
Please check https://pkg.go.dev/github.com/gin-gonic/gin#readme-don-t-trust-all-proxies for details.
[GIN-debug] Listening and serving HTTP on :8080
[GIN-debug] [WARNING] Creating an Engine instance with the Logger and Recovery middleware already attached.

[GIN-debug] [WARNING] Running in "debug" mode. Switch to "release" mode in production.
 - using env:	export GIN_MODE=release
 - using code:	gin.SetMode(gin.ReleaseMode)

[GIN-debug] GET    /*path                    --> main.main.func1 (3 handlers)
[GIN-debug] POST   /*path                    --> main.main.func1 (3 handlers)
[GIN-debug] PUT    /*path                    --> main.main.func1 (3 handlers)
[GIN-debug] PATCH  /*path                    --> main.main.func1 (3 handlers)
[GIN-debug] HEAD   /*path                    --> main.main.func1 (3 handlers)
[GIN-debug] OPTIONS /*path                    --> main.main.func1 (3 handlers)
[GIN-debug] DELETE /*path                    --> main.main.func1 (3 handlers)
[GIN-debug] CONNECT /*path                    --> main.main.func1 (3 handlers)
[GIN-debug] TRACE  /*path                    --> main.main.func1 (3 handlers)
[GIN-debug] [WARNING] You trusted all proxies, this is NOT safe. We recommend you to set a value.
Please check https://pkg.go.dev/github.com/gin-gonic/gin#readme-don-t-trust-all-proxies for details.
[GIN-debug] Listening and serving HTTP on :8080
